{"D:\\learning\\webDevelopment\\MERN-Template\\index.js": {"path":"D:\\learning\\webDevelopment\\MERN-Template\\index.js","statementMap":{"0":{"start":{"line":1,"column":16},"end":{"line":1,"column":34}},"1":{"start":{"line":2,"column":13},"end":{"line":2,"column":28}},"2":{"start":{"line":3,"column":13},"end":{"line":3,"column":28}},"3":{"start":{"line":4,"column":21},"end":{"line":4,"column":45}},"4":{"start":{"line":6,"column":0},"end":{"line":6,"column":23}},"5":{"start":{"line":7,"column":21},"end":{"line":7,"column":53}},"6":{"start":{"line":8,"column":19},"end":{"line":8,"column":49}},"7":{"start":{"line":9,"column":24},"end":{"line":9,"column":65}},"8":{"start":{"line":11,"column":11},"end":{"line":11,"column":35}},"9":{"start":{"line":13,"column":12},"end":{"line":13,"column":21}},"10":{"start":{"line":15,"column":0},"end":{"line":15,"column":72}},"11":{"start":{"line":16,"column":0},"end":{"line":16,"column":24}},"12":{"start":{"line":17,"column":0},"end":{"line":17,"column":44}},"13":{"start":{"line":18,"column":0},"end":{"line":18,"column":67}},"14":{"start":{"line":20,"column":0},"end":{"line":20,"column":30}},"15":{"start":{"line":21,"column":0},"end":{"line":21,"column":33}},"16":{"start":{"line":23,"column":0},"end":{"line":25,"column":3}},"17":{"start":{"line":24,"column":2},"end":{"line":24,"column":77}},"18":{"start":{"line":27,"column":0},"end":{"line":31,"column":1}},"19":{"start":{"line":28,"column":2},"end":{"line":30,"column":5}},"20":{"start":{"line":33,"column":0},"end":{"line":33,"column":21}}},"fnMap":{"0":{"name":"(anonymous_0)","decl":{"start":{"line":23,"column":13},"end":{"line":23,"column":14}},"loc":{"start":{"line":23,"column":42},"end":{"line":25,"column":1}},"line":23},"1":{"name":"(anonymous_1)","decl":{"start":{"line":28,"column":19},"end":{"line":28,"column":20}},"loc":{"start":{"line":28,"column":25},"end":{"line":30,"column":3}},"line":28}},"branchMap":{"0":{"loc":{"start":{"line":11,"column":11},"end":{"line":11,"column":35}},"type":"binary-expr","locations":[{"start":{"line":11,"column":11},"end":{"line":11,"column":27}},{"start":{"line":11,"column":31},"end":{"line":11,"column":35}}],"line":11},"1":{"loc":{"start":{"line":27,"column":0},"end":{"line":31,"column":1}},"type":"if","locations":[{"start":{"line":27,"column":0},"end":{"line":31,"column":1}},{"start":{},"end":{}}],"line":27}},"s":{"0":2,"1":2,"2":2,"3":2,"4":2,"5":2,"6":2,"7":2,"8":2,"9":2,"10":2,"11":2,"12":2,"13":2,"14":2,"15":2,"16":2,"17":0,"18":2,"19":0,"20":2},"f":{"0":0,"1":0},"b":{"0":[2,2],"1":[0,2]},"_coverageSchema":"1a1c01bbd47fc00a2c39e90264f33305004495a9","hash":"efbed82991ab7384452650e20effb7ad41ead459"}
,"D:\\learning\\webDevelopment\\MERN-Template\\controllers\\authUser.js": {"path":"D:\\learning\\webDevelopment\\MERN-Template\\controllers\\authUser.js","statementMap":{"0":{"start":{"line":1,"column":12},"end":{"line":1,"column":35}},"1":{"start":{"line":3,"column":0},"end":{"line":24,"column":2}},"2":{"start":{"line":5,"column":16},"end":{"line":5,"column":33}},"3":{"start":{"line":6,"column":2},"end":{"line":10,"column":7}},"4":{"start":{"line":7,"column":4},"end":{"line":10,"column":7}},"5":{"start":{"line":11,"column":2},"end":{"line":23,"column":3}},"6":{"start":{"line":12,"column":20},"end":{"line":12,"column":66}},"7":{"start":{"line":13,"column":4},"end":{"line":13,"column":23}},"8":{"start":{"line":14,"column":4},"end":{"line":14,"column":11}},"9":{"start":{"line":18,"column":4},"end":{"line":18,"column":29}},"10":{"start":{"line":19,"column":4},"end":{"line":22,"column":7}}},"fnMap":{"0":{"name":"(anonymous_0)","decl":{"start":{"line":3,"column":19},"end":{"line":3,"column":20}},"loc":{"start":{"line":3,"column":39},"end":{"line":24,"column":1}},"line":3}},"branchMap":{"0":{"loc":{"start":{"line":6,"column":2},"end":{"line":10,"column":7}},"type":"if","locations":[{"start":{"line":6,"column":2},"end":{"line":10,"column":7}},{"start":{},"end":{}}],"line":6}},"s":{"0":3,"1":3,"2":5,"3":5,"4":2,"5":3,"6":3,"7":2,"8":2,"9":1,"10":1},"f":{"0":5},"b":{"0":[2,3]},"_coverageSchema":"1a1c01bbd47fc00a2c39e90264f33305004495a9","hash":"3da512b3fcf7ee4191f73a8c4481f982c6d23d0d"}
,"D:\\learning\\webDevelopment\\MERN-Template\\controllers\\secretController.js": {"path":"D:\\learning\\webDevelopment\\MERN-Template\\controllers\\secretController.js","statementMap":{"0":{"start":{"line":2,"column":0},"end":{"line":7,"column":2}},"1":{"start":{"line":3,"column":2},"end":{"line":6,"column":5}}},"fnMap":{"0":{"name":"(anonymous_0)","decl":{"start":{"line":2,"column":22},"end":{"line":2,"column":23}},"loc":{"start":{"line":2,"column":36},"end":{"line":7,"column":1}},"line":2}},"branchMap":{},"s":{"0":2,"1":1},"f":{"0":1},"b":{},"_coverageSchema":"1a1c01bbd47fc00a2c39e90264f33305004495a9","hash":"95ec161e0a67a8b9473a917474eb0947d9b0057b"}
,"D:\\learning\\webDevelopment\\MERN-Template\\controllers\\userController.js": {"path":"D:\\learning\\webDevelopment\\MERN-Template\\controllers\\userController.js","statementMap":{"0":{"start":{"line":1,"column":15},"end":{"line":1,"column":34}},"1":{"start":{"line":2,"column":11},"end":{"line":2,"column":36}},"2":{"start":{"line":5,"column":0},"end":{"line":21,"column":2}},"3":{"start":{"line":6,"column":30},"end":{"line":6,"column":38}},"4":{"start":{"line":7,"column":2},"end":{"line":20,"column":5}},"5":{"start":{"line":8,"column":4},"end":{"line":19,"column":7}},"6":{"start":{"line":9,"column":6},"end":{"line":18,"column":7}},"7":{"start":{"line":10,"column":24},"end":{"line":10,"column":59}},"8":{"start":{"line":11,"column":22},"end":{"line":11,"column":49}},"9":{"start":{"line":12,"column":8},"end":{"line":12,"column":42}},"10":{"start":{"line":13,"column":25},"end":{"line":13,"column":45}},"11":{"start":{"line":14,"column":8},"end":{"line":14,"column":35}},"12":{"start":{"line":15,"column":8},"end":{"line":15,"column":57}},"13":{"start":{"line":17,"column":8},"end":{"line":17,"column":72}},"14":{"start":{"line":24,"column":0},"end":{"line":47,"column":2}},"15":{"start":{"line":25,"column":30},"end":{"line":25,"column":38}},"16":{"start":{"line":26,"column":15},"end":{"line":26,"column":44}},"17":{"start":{"line":27,"column":2},"end":{"line":46,"column":3}},"18":{"start":{"line":28,"column":4},"end":{"line":43,"column":5}},"19":{"start":{"line":29,"column":6},"end":{"line":40,"column":9}},"20":{"start":{"line":30,"column":8},"end":{"line":39,"column":9}},"21":{"start":{"line":31,"column":24},"end":{"line":31,"column":48}},"22":{"start":{"line":32,"column":10},"end":{"line":32,"column":37}},"23":{"start":{"line":33,"column":10},"end":{"line":33,"column":55}},"24":{"start":{"line":35,"column":10},"end":{"line":38,"column":13}},"25":{"start":{"line":42,"column":6},"end":{"line":42,"column":63}},"26":{"start":{"line":45,"column":4},"end":{"line":45,"column":67}},"27":{"start":{"line":50,"column":0},"end":{"line":53,"column":2}},"28":{"start":{"line":51,"column":2},"end":{"line":51,"column":27}},"29":{"start":{"line":52,"column":2},"end":{"line":52,"column":28}},"30":{"start":{"line":56,"column":0},"end":{"line":64,"column":2}},"31":{"start":{"line":57,"column":15},"end":{"line":57,"column":27}},"32":{"start":{"line":58,"column":2},"end":{"line":63,"column":3}},"33":{"start":{"line":59,"column":21},"end":{"line":59,"column":57}},"34":{"start":{"line":60,"column":4},"end":{"line":60,"column":48}},"35":{"start":{"line":62,"column":4},"end":{"line":62,"column":70}}},"fnMap":{"0":{"name":"(anonymous_0)","decl":{"start":{"line":5,"column":23},"end":{"line":5,"column":24}},"loc":{"start":{"line":5,"column":43},"end":{"line":21,"column":1}},"line":5},"1":{"name":"(anonymous_1)","decl":{"start":{"line":7,"column":21},"end":{"line":7,"column":22}},"loc":{"start":{"line":7,"column":48},"end":{"line":20,"column":3}},"line":7},"2":{"name":"(anonymous_2)","decl":{"start":{"line":8,"column":32},"end":{"line":8,"column":33}},"loc":{"start":{"line":8,"column":59},"end":{"line":19,"column":5}},"line":8},"3":{"name":"(anonymous_3)","decl":{"start":{"line":24,"column":20},"end":{"line":24,"column":21}},"loc":{"start":{"line":24,"column":40},"end":{"line":47,"column":1}},"line":24},"4":{"name":"(anonymous_4)","decl":{"start":{"line":29,"column":46},"end":{"line":29,"column":47}},"loc":{"start":{"line":29,"column":70},"end":{"line":40,"column":7}},"line":29},"5":{"name":"(anonymous_5)","decl":{"start":{"line":50,"column":21},"end":{"line":50,"column":22}},"loc":{"start":{"line":50,"column":41},"end":{"line":53,"column":1}},"line":50},"6":{"name":"(anonymous_6)","decl":{"start":{"line":56,"column":21},"end":{"line":56,"column":22}},"loc":{"start":{"line":56,"column":41},"end":{"line":64,"column":1}},"line":56}},"branchMap":{"0":{"loc":{"start":{"line":28,"column":4},"end":{"line":43,"column":5}},"type":"if","locations":[{"start":{"line":28,"column":4},"end":{"line":43,"column":5}},{"start":{"line":41,"column":11},"end":{"line":43,"column":5}}],"line":28},"1":{"loc":{"start":{"line":30,"column":8},"end":{"line":39,"column":9}},"type":"if","locations":[{"start":{"line":30,"column":8},"end":{"line":39,"column":9}},{"start":{"line":34,"column":15},"end":{"line":39,"column":9}}],"line":30}},"s":{"0":2,"1":2,"2":2,"3":1,"4":1,"5":1,"6":1,"7":1,"8":1,"9":1,"10":1,"11":1,"12":1,"13":0,"14":2,"15":4,"16":4,"17":4,"18":4,"19":3,"20":3,"21":2,"22":2,"23":2,"24":1,"25":1,"26":0,"27":2,"28":0,"29":0,"30":2,"31":1,"32":1,"33":1,"34":1,"35":0},"f":{"0":1,"1":1,"2":1,"3":4,"4":3,"5":0,"6":1},"b":{"0":[3,1],"1":[2,1]},"_coverageSchema":"1a1c01bbd47fc00a2c39e90264f33305004495a9","hash":"aa991c21bdac8c51dc2442f34f795d46e4fff4ec"}
,"D:\\learning\\webDevelopment\\MERN-Template\\models\\db.js": {"path":"D:\\learning\\webDevelopment\\MERN-Template\\models\\db.js","statementMap":{"0":{"start":{"line":1,"column":17},"end":{"line":1,"column":36}},"1":{"start":{"line":2,"column":15},"end":{"line":2,"column":32}},"2":{"start":{"line":3,"column":0},"end":{"line":3,"column":16}},"3":{"start":{"line":5,"column":0},"end":{"line":6,"column":122}},"4":{"start":{"line":8,"column":0},"end":{"line":10,"column":53}},"5":{"start":{"line":12,"column":0},"end":{"line":15,"column":3}},"6":{"start":{"line":17,"column":11},"end":{"line":17,"column":30}},"7":{"start":{"line":19,"column":0},"end":{"line":22,"column":3}},"8":{"start":{"line":20,"column":2},"end":{"line":20,"column":21}},"9":{"start":{"line":21,"column":2},"end":{"line":21,"column":18}},"10":{"start":{"line":24,"column":0},"end":{"line":26,"column":3}}},"fnMap":{"0":{"name":"(anonymous_0)","decl":{"start":{"line":19,"column":15},"end":{"line":19,"column":16}},"loc":{"start":{"line":19,"column":24},"end":{"line":22,"column":1}},"line":19},"1":{"name":"(anonymous_1)","decl":{"start":{"line":24,"column":16},"end":{"line":24,"column":17}},"loc":{"start":{"line":24,"column":28},"end":{"line":26,"column":1}},"line":24}},"branchMap":{},"s":{"0":3,"1":3,"2":3,"3":3,"4":3,"5":3,"6":3,"7":3,"8":0,"9":0,"10":3},"f":{"0":0,"1":3},"b":{},"_coverageSchema":"1a1c01bbd47fc00a2c39e90264f33305004495a9","hash":"7cbd4591d2dce78e13303f0183d70eb7fc6ea2d0"}
,"D:\\learning\\webDevelopment\\MERN-Template\\models\\user.js": {"path":"D:\\learning\\webDevelopment\\MERN-Template\\models\\user.js","statementMap":{"0":{"start":{"line":1,"column":17},"end":{"line":1,"column":36}},"1":{"start":{"line":2,"column":12},"end":{"line":2,"column":35}},"2":{"start":{"line":3,"column":15},"end":{"line":3,"column":30}},"3":{"start":{"line":5,"column":17},"end":{"line":16,"column":2}},"4":{"start":{"line":18,"column":0},"end":{"line":28,"column":2}},"5":{"start":{"line":19,"column":16},"end":{"line":26,"column":3}},"6":{"start":{"line":27,"column":2},"end":{"line":27,"column":15}},"7":{"start":{"line":30,"column":0},"end":{"line":30,"column":52}}},"fnMap":{"0":{"name":"(anonymous_0)","decl":{"start":{"line":18,"column":39},"end":{"line":18,"column":40}},"loc":{"start":{"line":18,"column":51},"end":{"line":28,"column":1}},"line":18}},"branchMap":{},"s":{"0":3,"1":3,"2":3,"3":3,"4":3,"5":3,"6":3,"7":3},"f":{"0":3},"b":{},"_coverageSchema":"1a1c01bbd47fc00a2c39e90264f33305004495a9","hash":"4ff0db24e05e29458b7ac1f299c9cb06e9a89141"}
,"D:\\learning\\webDevelopment\\MERN-Template\\routes\\secretRouter.js": {"path":"D:\\learning\\webDevelopment\\MERN-Template\\routes\\secretRouter.js","statementMap":{"0":{"start":{"line":1,"column":16},"end":{"line":1,"column":34}},"1":{"start":{"line":2,"column":19},"end":{"line":2,"column":61}},"2":{"start":{"line":3,"column":21},"end":{"line":3,"column":55}},"3":{"start":{"line":4,"column":15},"end":{"line":4,"column":31}},"4":{"start":{"line":6,"column":0},"end":{"line":6,"column":50}},"5":{"start":{"line":8,"column":0},"end":{"line":8,"column":24}}},"fnMap":{},"branchMap":{},"s":{"0":2,"1":2,"2":2,"3":2,"4":2,"5":2},"f":{},"b":{},"_coverageSchema":"1a1c01bbd47fc00a2c39e90264f33305004495a9","hash":"0ec3a290076ba360ba6d2c000f34dc3c5d28989b"}
,"D:\\learning\\webDevelopment\\MERN-Template\\routes\\userRouter.js": {"path":"D:\\learning\\webDevelopment\\MERN-Template\\routes\\userRouter.js","statementMap":{"0":{"start":{"line":1,"column":16},"end":{"line":1,"column":34}},"1":{"start":{"line":2,"column":19},"end":{"line":2,"column":59}},"2":{"start":{"line":3,"column":18},"end":{"line":3,"column":56}},"3":{"start":{"line":4,"column":21},"end":{"line":4,"column":55}},"4":{"start":{"line":5,"column":15},"end":{"line":5,"column":31}},"5":{"start":{"line":7,"column":0},"end":{"line":7,"column":75}},"6":{"start":{"line":8,"column":0},"end":{"line":8,"column":44}},"7":{"start":{"line":9,"column":0},"end":{"line":9,"column":46}},"8":{"start":{"line":11,"column":0},"end":{"line":11,"column":62}},"9":{"start":{"line":13,"column":0},"end":{"line":13,"column":24}}},"fnMap":{},"branchMap":{},"s":{"0":2,"1":2,"2":2,"3":2,"4":2,"5":2,"6":2,"7":2,"8":2,"9":2},"f":{},"b":{},"_coverageSchema":"1a1c01bbd47fc00a2c39e90264f33305004495a9","hash":"90bd3780747a6d4d0c52334c0cc26290ae362323"}
,"D:\\learning\\webDevelopment\\MERN-Template\\validation\\userValidator.js": {"path":"D:\\learning\\webDevelopment\\MERN-Template\\validation\\userValidator.js","statementMap":{"0":{"start":{"line":1,"column":16},"end":{"line":1,"column":36}},"1":{"start":{"line":2,"column":13},"end":{"line":2,"column":38}},"2":{"start":{"line":10,"column":0},"end":{"line":41,"column":2}},"3":{"start":{"line":11,"column":17},"end":{"line":11,"column":19}},"4":{"start":{"line":12,"column":30},"end":{"line":12,"column":38}},"5":{"start":{"line":13,"column":2},"end":{"line":23,"column":3}},"6":{"start":{"line":14,"column":22},"end":{"line":14,"column":51}},"7":{"start":{"line":15,"column":4},"end":{"line":17,"column":5}},"8":{"start":{"line":16,"column":6},"end":{"line":16,"column":42}},"9":{"start":{"line":18,"column":4},"end":{"line":20,"column":5}},"10":{"start":{"line":19,"column":6},"end":{"line":19,"column":43}},"11":{"start":{"line":22,"column":4},"end":{"line":22,"column":39}},"12":{"start":{"line":24,"column":2},"end":{"line":34,"column":3}},"13":{"start":{"line":25,"column":4},"end":{"line":31,"column":5}},"14":{"start":{"line":30,"column":6},"end":{"line":30,"column":46}},"15":{"start":{"line":33,"column":4},"end":{"line":33,"column":42}},"16":{"start":{"line":36,"column":2},"end":{"line":40,"column":3}},"17":{"start":{"line":37,"column":4},"end":{"line":37,"column":50}},"18":{"start":{"line":39,"column":4},"end":{"line":39,"column":11}}},"fnMap":{"0":{"name":"(anonymous_0)","decl":{"start":{"line":10,"column":24},"end":{"line":10,"column":25}},"loc":{"start":{"line":10,"column":50},"end":{"line":41,"column":1}},"line":10}},"branchMap":{"0":{"loc":{"start":{"line":13,"column":2},"end":{"line":23,"column":3}},"type":"if","locations":[{"start":{"line":13,"column":2},"end":{"line":23,"column":3}},{"start":{"line":21,"column":9},"end":{"line":23,"column":3}}],"line":13},"1":{"loc":{"start":{"line":15,"column":4},"end":{"line":17,"column":5}},"type":"if","locations":[{"start":{"line":15,"column":4},"end":{"line":17,"column":5}},{"start":{},"end":{}}],"line":15},"2":{"loc":{"start":{"line":18,"column":4},"end":{"line":20,"column":5}},"type":"if","locations":[{"start":{"line":18,"column":4},"end":{"line":20,"column":5}},{"start":{},"end":{}}],"line":18},"3":{"loc":{"start":{"line":24,"column":2},"end":{"line":34,"column":3}},"type":"if","locations":[{"start":{"line":24,"column":2},"end":{"line":34,"column":3}},{"start":{"line":32,"column":9},"end":{"line":34,"column":3}}],"line":24},"4":{"loc":{"start":{"line":25,"column":4},"end":{"line":31,"column":5}},"type":"if","locations":[{"start":{"line":25,"column":4},"end":{"line":31,"column":5}},{"start":{},"end":{}}],"line":25},"5":{"loc":{"start":{"line":36,"column":2},"end":{"line":40,"column":3}},"type":"if","locations":[{"start":{"line":36,"column":2},"end":{"line":40,"column":3}},{"start":{"line":38,"column":9},"end":{"line":40,"column":3}}],"line":36}},"s":{"0":3,"1":3,"2":3,"3":7,"4":7,"5":7,"6":6,"7":6,"8":2,"9":6,"10":1,"11":1,"12":7,"13":6,"14":2,"15":1,"16":7,"17":5,"18":2},"f":{"0":7},"b":{"0":[6,1],"1":[2,4],"2":[1,5],"3":[6,1],"4":[2,4],"5":[5,2]},"_coverageSchema":"1a1c01bbd47fc00a2c39e90264f33305004495a9","hash":"28ab4864a9e61ee1d9408954861bb9838c02cdb1"}
}
