TN:
SF:index.js
FN:23,(anonymous_0)
FN:28,(anonymous_1)
FNF:2
FNH:0
FNDA:0,(anonymous_0)
FNDA:0,(anonymous_1)
DA:1,2
DA:2,2
DA:3,2
DA:4,2
DA:6,2
DA:7,2
DA:8,2
DA:9,2
DA:11,2
DA:13,2
DA:15,2
DA:16,2
DA:17,2
DA:18,2
DA:20,2
DA:21,2
DA:23,2
DA:24,0
DA:27,2
DA:28,0
DA:33,2
LF:21
LH:19
BRDA:11,0,0,2
BRDA:11,0,1,2
BRDA:27,1,0,0
BRDA:27,1,1,2
BRF:4
BRH:3
end_of_record
TN:
SF:controllers\authUser.js
FN:3,(anonymous_0)
FNF:1
FNH:1
FNDA:5,(anonymous_0)
DA:1,3
DA:3,3
DA:5,5
DA:6,5
DA:7,2
DA:11,3
DA:12,3
DA:13,2
DA:14,2
DA:18,1
DA:19,1
LF:11
LH:11
BRDA:6,0,0,2
BRDA:6,0,1,3
BRF:2
BRH:2
end_of_record
TN:
SF:controllers\secretController.js
FN:2,(anonymous_0)
FNF:1
FNH:1
FNDA:1,(anonymous_0)
DA:2,2
DA:3,1
LF:2
LH:2
BRF:0
BRH:0
end_of_record
TN:
SF:controllers\userController.js
FN:5,(anonymous_0)
FN:7,(anonymous_1)
FN:8,(anonymous_2)
FN:24,(anonymous_3)
FN:29,(anonymous_4)
FN:50,(anonymous_5)
FN:56,(anonymous_6)
FNF:7
FNH:6
FNDA:1,(anonymous_0)
FNDA:1,(anonymous_1)
FNDA:1,(anonymous_2)
FNDA:4,(anonymous_3)
FNDA:3,(anonymous_4)
FNDA:0,(anonymous_5)
FNDA:1,(anonymous_6)
DA:1,2
DA:2,2
DA:5,2
DA:6,1
DA:7,1
DA:8,1
DA:9,1
DA:10,1
DA:11,1
DA:12,1
DA:13,1
DA:14,1
DA:15,1
DA:17,0
DA:24,2
DA:25,4
DA:26,4
DA:27,4
DA:28,4
DA:29,3
DA:30,3
DA:31,2
DA:32,2
DA:33,2
DA:35,1
DA:42,1
DA:45,0
DA:50,2
DA:51,0
DA:52,0
DA:56,2
DA:57,1
DA:58,1
DA:59,1
DA:60,1
DA:62,0
LF:36
LH:31
BRDA:28,0,0,3
BRDA:28,0,1,1
BRDA:30,1,0,2
BRDA:30,1,1,1
BRF:4
BRH:4
end_of_record
TN:
SF:models\db.js
FN:19,(anonymous_0)
FN:24,(anonymous_1)
FNF:2
FNH:1
FNDA:0,(anonymous_0)
FNDA:3,(anonymous_1)
DA:1,3
DA:2,3
DA:3,3
DA:5,3
DA:8,3
DA:12,3
DA:17,3
DA:19,3
DA:20,0
DA:21,0
DA:24,3
LF:11
LH:9
BRF:0
BRH:0
end_of_record
TN:
SF:models\user.js
FN:18,(anonymous_0)
FNF:1
FNH:1
FNDA:3,(anonymous_0)
DA:1,3
DA:2,3
DA:3,3
DA:5,3
DA:18,3
DA:19,3
DA:27,3
DA:30,3
LF:8
LH:8
BRF:0
BRH:0
end_of_record
TN:
SF:routes\secretRouter.js
FNF:0
FNH:0
DA:1,2
DA:2,2
DA:3,2
DA:4,2
DA:6,2
DA:8,2
LF:6
LH:6
BRF:0
BRH:0
end_of_record
TN:
SF:routes\userRouter.js
FNF:0
FNH:0
DA:1,2
DA:2,2
DA:3,2
DA:4,2
DA:5,2
DA:7,2
DA:8,2
DA:9,2
DA:11,2
DA:13,2
LF:10
LH:10
BRF:0
BRH:0
end_of_record
TN:
SF:validation\userValidator.js
FN:10,(anonymous_0)
FNF:1
FNH:1
FNDA:7,(anonymous_0)
DA:1,3
DA:2,3
DA:10,3
DA:11,7
DA:12,7
DA:13,7
DA:14,6
DA:15,6
DA:16,2
DA:18,6
DA:19,1
DA:22,1
DA:24,7
DA:25,6
DA:30,2
DA:33,1
DA:36,7
DA:37,5
DA:39,2
LF:19
LH:19
BRDA:13,0,0,6
BRDA:13,0,1,1
BRDA:15,1,0,2
BRDA:15,1,1,4
BRDA:18,2,0,1
BRDA:18,2,1,5
BRDA:24,3,0,6
BRDA:24,3,1,1
BRDA:25,4,0,2
BRDA:25,4,1,4
BRDA:36,5,0,5
BRDA:36,5,1,2
BRF:12
BRH:12
end_of_record
